{"$message_type":"diagnostic","message":"The default runtime flavor is `multi_thread`, but the `rt-multi-thread` feature is disabled.","code":null,"level":"error","spans":[{"file_name":"cmd\\shard-splitter\\main.rs","byte_start":137,"byte_end":151,"line_start":12,"line_end":12,"column_start":1,"column_end":15,"is_primary":true,"text":[{"text":"#[tokio::main]","highlight_start":1,"highlight_end":15}],"label":null,"suggested_replacement":null,"suggestion_applicability":null,"expansion":{"span":{"file_name":"cmd\\shard-splitter\\main.rs","byte_start":137,"byte_end":151,"line_start":12,"line_end":12,"column_start":1,"column_end":15,"is_primary":false,"text":[{"text":"#[tokio::main]","highlight_start":1,"highlight_end":15}],"label":null,"suggested_replacement":null,"suggestion_applicability":null,"expansion":null},"macro_decl_name":"#[tokio::main]","def_site_span":{"file_name":"C:\\Users\\user\\.cargo\\registry\\src\\index.crates.io-1949cf8c6b5b557f\\tokio-macros-2.6.0\\src\\lib.rs","byte_start":9622,"byte_end":9689,"line_start":370,"line_end":370,"column_start":1,"column_end":68,"is_primary":false,"text":[{"text":"pub fn main_rt(args: TokenStream, item: TokenStream) -> TokenStream {","highlight_start":1,"highlight_end":68}],"label":null,"suggested_replacement":null,"suggestion_applicability":null,"expansion":null}}}],"children":[],"rendered":"\u001b[1m\u001b[91merror\u001b[0m\u001b[1m\u001b[97m: The default runtime flavor is `multi_thread`, but the `rt-multi-thread` feature is disabled.\u001b[0m\n  \u001b[1m\u001b[96m--> \u001b[0mcmd\\shard-splitter\\main.rs:12:1\n   \u001b[1m\u001b[96m|\u001b[0m\n\u001b[1m\u001b[96m12\u001b[0m \u001b[1m\u001b[96m|\u001b[0m #[tokio::main]\n   \u001b[1m\u001b[96m|\u001b[0m \u001b[1m\u001b[91m^^^^^^^^^^^^^^\u001b[0m\n   \u001b[1m\u001b[96m|\u001b[0m\n   \u001b[1m\u001b[96m= \u001b[0m\u001b[1m\u001b[97mnote\u001b[0m: this error originates in the attribute macro `tokio::main` (in Nightly builds, run with -Z macro-backtrace for more info)\n\n"}
{"$message_type":"diagnostic","message":"failed to resolve: use of unresolved module or unlinked crate `sqlx`","code":{"code":"E0433","explanation":"An undeclared crate, module, or type was used.\n\nErroneous code example:\n\n```compile_fail,E0433\nlet map = HashMap::new();\n// error: failed to resolve: use of undeclared type `HashMap`\n```\n\nPlease verify you didn't misspell the type/module's name or that you didn't\nforget to import it:\n\n```\nuse std::collections::HashMap; // HashMap has been imported.\nlet map: HashMap<u32, u32> = HashMap::new(); // So it can be used!\n```\n\nIf you've expected to use a crate name:\n\n```compile_fail\nuse ferris_wheel::BigO;\n// error: failed to resolve: use of undeclared module or unlinked crate\n```\n\nMake sure the crate has been added as a dependency in `Cargo.toml`.\n\nTo use a module from your current crate, add the `crate::` prefix to the path.\n"},"level":"error","spans":[{"file_name":"cmd\\shard-splitter\\db.rs","byte_start":4,"byte_end":8,"line_start":1,"line_end":1,"column_start":5,"column_end":9,"is_primary":true,"text":[{"text":"use sqlx::mysql::{MySqlPool, MySqlPoolOptions};","highlight_start":5,"highlight_end":9}],"label":"use of unresolved module or unlinked crate `sqlx`","suggested_replacement":null,"suggestion_applicability":null,"expansion":null}],"children":[{"message":"if you wanted to use a crate named `sqlx`, use `cargo add sqlx` to add it to your `Cargo.toml`","code":null,"level":"help","spans":[],"children":[],"rendered":null}],"rendered":"\u001b[1m\u001b[91merror[E0433]\u001b[0m\u001b[1m\u001b[97m: failed to resolve: use of unresolved module or unlinked crate `sqlx`\u001b[0m\n \u001b[1m\u001b[96m--> \u001b[0mcmd\\shard-splitter\\db.rs:1:5\n  \u001b[1m\u001b[96m|\u001b[0m\n\u001b[1m\u001b[96m1\u001b[0m \u001b[1m\u001b[96m|\u001b[0m use sqlx::mysql::{MySqlPool, MySqlPoolOptions};\n  \u001b[1m\u001b[96m|\u001b[0m     \u001b[1m\u001b[91m^^^^\u001b[0m \u001b[1m\u001b[91muse of unresolved module or unlinked crate `sqlx`\u001b[0m\n  \u001b[1m\u001b[96m|\u001b[0m\n  \u001b[1m\u001b[96m= \u001b[0m\u001b[1m\u001b[97mhelp\u001b[0m: if you wanted to use a crate named `sqlx`, use `cargo add sqlx` to add it to your `Cargo.toml`\n\n"}
{"$message_type":"diagnostic","message":"cannot find value `files_register` in module `handlers`","code":{"code":"E0425","explanation":"An unresolved name was used.\n\nErroneous code examples:\n\n```compile_fail,E0425\nsomething_that_doesnt_exist::foo;\n// error: unresolved name `something_that_doesnt_exist::foo`\n\n// or:\n\ntrait Foo {\n    fn bar() {\n        Self; // error: unresolved name `Self`\n    }\n}\n\n// or:\n\nlet x = unknown_variable;  // error: unresolved name `unknown_variable`\n```\n\nPlease verify that the name wasn't misspelled and ensure that the\nidentifier being referred to is valid for the given situation. Example:\n\n```\nenum something_that_does_exist {\n    Foo,\n}\n```\n\nOr:\n\n```\nmod something_that_does_exist {\n    pub static foo : i32 = 0i32;\n}\n\nsomething_that_does_exist::foo; // ok!\n```\n\nOr:\n\n```\nlet unknown_variable = 12u32;\nlet x = unknown_variable; // ok!\n```\n\nIf the item is not defined in the current module, it must be imported using a\n`use` statement, like so:\n\n```\n# mod foo { pub fn bar() {} }\n# fn main() {\nuse foo::bar;\nbar();\n# }\n```\n\nIf the item you are importing is not defined in some super-module of the\ncurrent module, then it must also be declared as public (e.g., `pub fn`).\n"},"level":"error","spans":[{"file_name":"cmd\\shard-splitter\\main.rs","byte_start":428,"byte_end":442,"line_start":19,"line_end":19,"column_start":66,"column_end":80,"is_primary":true,"text":[{"text":"        .route(\"/api/v1/pipeline/files/register\", post(handlers::files_register))","highlight_start":66,"highlight_end":80}],"label":"not found in `handlers`","suggested_replacement":null,"suggestion_applicability":null,"expansion":null}],"children":[],"rendered":"\u001b[1m\u001b[91merror[E0425]\u001b[0m\u001b[1m\u001b[97m: cannot find value `files_register` in module `handlers`\u001b[0m\n  \u001b[1m\u001b[96m--> \u001b[0mcmd\\shard-splitter\\main.rs:19:66\n   \u001b[1m\u001b[96m|\u001b[0m\n\u001b[1m\u001b[96m19\u001b[0m \u001b[1m\u001b[96m|\u001b[0m         .route(\"/api/v1/pipeline/files/register\", post(handlers::files_register))\n   \u001b[1m\u001b[96m|\u001b[0m                                                                  \u001b[1m\u001b[91m^^^^^^^^^^^^^^\u001b[0m \u001b[1m\u001b[91mnot found in `handlers`\u001b[0m\n\n"}
{"$message_type":"diagnostic","message":"cannot find value `event_ingest_done` in module `handlers`","code":{"code":"E0425","explanation":"An unresolved name was used.\n\nErroneous code examples:\n\n```compile_fail,E0425\nsomething_that_doesnt_exist::foo;\n// error: unresolved name `something_that_doesnt_exist::foo`\n\n// or:\n\ntrait Foo {\n    fn bar() {\n        Self; // error: unresolved name `Self`\n    }\n}\n\n// or:\n\nlet x = unknown_variable;  // error: unresolved name `unknown_variable`\n```\n\nPlease verify that the name wasn't misspelled and ensure that the\nidentifier being referred to is valid for the given situation. Example:\n\n```\nenum something_that_does_exist {\n    Foo,\n}\n```\n\nOr:\n\n```\nmod something_that_does_exist {\n    pub static foo : i32 = 0i32;\n}\n\nsomething_that_does_exist::foo; // ok!\n```\n\nOr:\n\n```\nlet unknown_variable = 12u32;\nlet x = unknown_variable; // ok!\n```\n\nIf the item is not defined in the current module, it must be imported using a\n`use` statement, like so:\n\n```\n# mod foo { pub fn bar() {} }\n# fn main() {\nuse foo::bar;\nbar();\n# }\n```\n\nIf the item you are importing is not defined in some super-module of the\ncurrent module, then it must also be declared as public (e.g., `pub fn`).\n"},"level":"error","spans":[{"file_name":"cmd\\shard-splitter\\main.rs","byte_start":575,"byte_end":592,"line_start":22,"line_end":22,"column_start":76,"column_end":93,"is_primary":true,"text":[{"text":"        .route(\"/api/v1/pipeline/stages/event-ingest/done\", post(handlers::event_ingest_done))","highlight_start":76,"highlight_end":93}],"label":"not found in `handlers`","suggested_replacement":null,"suggestion_applicability":null,"expansion":null}],"children":[],"rendered":"\u001b[1m\u001b[91merror[E0425]\u001b[0m\u001b[1m\u001b[97m: cannot find value `event_ingest_done` in module `handlers`\u001b[0m\n  \u001b[1m\u001b[96m--> \u001b[0mcmd\\shard-splitter\\main.rs:22:76\n   \u001b[1m\u001b[96m|\u001b[0m\n\u001b[1m\u001b[96m22\u001b[0m \u001b[1m\u001b[96m|\u001b[0m         .route(\"/api/v1/pipeline/stages/event-ingest/done\", post(handlers::event_ingest_done))\n   \u001b[1m\u001b[96m|\u001b[0m                                                                            \u001b[1m\u001b[91m^^^^^^^^^^^^^^^^^\u001b[0m \u001b[1m\u001b[91mnot found in `handlers`\u001b[0m\n\n"}
{"$message_type":"diagnostic","message":"cannot find value `stage_transition` in module `handlers`","code":{"code":"E0425","explanation":"An unresolved name was used.\n\nErroneous code examples:\n\n```compile_fail,E0425\nsomething_that_doesnt_exist::foo;\n// error: unresolved name `something_that_doesnt_exist::foo`\n\n// or:\n\ntrait Foo {\n    fn bar() {\n        Self; // error: unresolved name `Self`\n    }\n}\n\n// or:\n\nlet x = unknown_variable;  // error: unresolved name `unknown_variable`\n```\n\nPlease verify that the name wasn't misspelled and ensure that the\nidentifier being referred to is valid for the given situation. Example:\n\n```\nenum something_that_does_exist {\n    Foo,\n}\n```\n\nOr:\n\n```\nmod something_that_does_exist {\n    pub static foo : i32 = 0i32;\n}\n\nsomething_that_does_exist::foo; // ok!\n```\n\nOr:\n\n```\nlet unknown_variable = 12u32;\nlet x = unknown_variable; // ok!\n```\n\nIf the item is not defined in the current module, it must be imported using a\n`use` statement, like so:\n\n```\n# mod foo { pub fn bar() {} }\n# fn main() {\nuse foo::bar;\nbar();\n# }\n```\n\nIf the item you are importing is not defined in some super-module of the\ncurrent module, then it must also be declared as public (e.g., `pub fn`).\n"},"level":"error","spans":[{"file_name":"cmd\\shard-splitter\\main.rs","byte_start":747,"byte_end":763,"line_start":25,"line_end":25,"column_start":77,"column_end":93,"is_primary":true,"text":[{"text":"        .route(\"/api/v1/pipeline/stages/:stage/:transition\", post(handlers::stage_transition))","highlight_start":77,"highlight_end":93}],"label":"not found in `handlers`","suggested_replacement":null,"suggestion_applicability":null,"expansion":null}],"children":[],"rendered":"\u001b[1m\u001b[91merror[E0425]\u001b[0m\u001b[1m\u001b[97m: cannot find value `stage_transition` in module `handlers`\u001b[0m\n  \u001b[1m\u001b[96m--> \u001b[0mcmd\\shard-splitter\\main.rs:25:77\n   \u001b[1m\u001b[96m|\u001b[0m\n\u001b[1m\u001b[96m25\u001b[0m \u001b[1m\u001b[96m|\u001b[0m         .route(\"/api/v1/pipeline/stages/:stage/:transition\", post(handlers::stage_transition))\n   \u001b[1m\u001b[96m|\u001b[0m                                                                             \u001b[1m\u001b[91m^^^^^^^^^^^^^^^^\u001b[0m \u001b[1m\u001b[91mnot found in `handlers`\u001b[0m\n\n"}
{"$message_type":"diagnostic","message":"cannot find value `stage_retry` in module `handlers`","code":{"code":"E0425","explanation":"An unresolved name was used.\n\nErroneous code examples:\n\n```compile_fail,E0425\nsomething_that_doesnt_exist::foo;\n// error: unresolved name `something_that_doesnt_exist::foo`\n\n// or:\n\ntrait Foo {\n    fn bar() {\n        Self; // error: unresolved name `Self`\n    }\n}\n\n// or:\n\nlet x = unknown_variable;  // error: unresolved name `unknown_variable`\n```\n\nPlease verify that the name wasn't misspelled and ensure that the\nidentifier being referred to is valid for the given situation. Example:\n\n```\nenum something_that_does_exist {\n    Foo,\n}\n```\n\nOr:\n\n```\nmod something_that_does_exist {\n    pub static foo : i32 = 0i32;\n}\n\nsomething_that_does_exist::foo; // ok!\n```\n\nOr:\n\n```\nlet unknown_variable = 12u32;\nlet x = unknown_variable; // ok!\n```\n\nIf the item is not defined in the current module, it must be imported using a\n`use` statement, like so:\n\n```\n# mod foo { pub fn bar() {} }\n# fn main() {\nuse foo::bar;\nbar();\n# }\n```\n\nIf the item you are importing is not defined in some super-module of the\ncurrent module, then it must also be declared as public (e.g., `pub fn`).\n"},"level":"error","spans":[{"file_name":"cmd\\shard-splitter\\main.rs","byte_start":882,"byte_end":893,"line_start":28,"line_end":28,"column_start":71,"column_end":82,"is_primary":true,"text":[{"text":"        .route(\"/api/v1/pipeline/stages/:stage/retry\", post(handlers::stage_retry))","highlight_start":71,"highlight_end":82}],"label":"not found in `handlers`","suggested_replacement":null,"suggestion_applicability":null,"expansion":null}],"children":[],"rendered":"\u001b[1m\u001b[91merror[E0425]\u001b[0m\u001b[1m\u001b[97m: cannot find value `stage_retry` in module `handlers`\u001b[0m\n  \u001b[1m\u001b[96m--> \u001b[0mcmd\\shard-splitter\\main.rs:28:71\n   \u001b[1m\u001b[96m|\u001b[0m\n\u001b[1m\u001b[96m28\u001b[0m \u001b[1m\u001b[96m|\u001b[0m         .route(\"/api/v1/pipeline/stages/:stage/retry\", post(handlers::stage_retry))\n   \u001b[1m\u001b[96m|\u001b[0m                                                                       \u001b[1m\u001b[91m^^^^^^^^^^^\u001b[0m \u001b[1m\u001b[91mnot found in `handlers`\u001b[0m\n\n"}
{"$message_type":"diagnostic","message":"cannot find value `get_queue` in module `handlers`","code":{"code":"E0425","explanation":"An unresolved name was used.\n\nErroneous code examples:\n\n```compile_fail,E0425\nsomething_that_doesnt_exist::foo;\n// error: unresolved name `something_that_doesnt_exist::foo`\n\n// or:\n\ntrait Foo {\n    fn bar() {\n        Self; // error: unresolved name `Self`\n    }\n}\n\n// or:\n\nlet x = unknown_variable;  // error: unresolved name `unknown_variable`\n```\n\nPlease verify that the name wasn't misspelled and ensure that the\nidentifier being referred to is valid for the given situation. Example:\n\n```\nenum something_that_does_exist {\n    Foo,\n}\n```\n\nOr:\n\n```\nmod something_that_does_exist {\n    pub static foo : i32 = 0i32;\n}\n\nsomething_that_does_exist::foo; // ok!\n```\n\nOr:\n\n```\nlet unknown_variable = 12u32;\nlet x = unknown_variable; // ok!\n```\n\nIf the item is not defined in the current module, it must be imported using a\n`use` statement, like so:\n\n```\n# mod foo { pub fn bar() {} }\n# fn main() {\nuse foo::bar;\nbar();\n# }\n```\n\nIf the item you are importing is not defined in some super-module of the\ncurrent module, then it must also be declared as public (e.g., `pub fn`).\n"},"level":"error","spans":[{"file_name":"cmd\\shard-splitter\\main.rs","byte_start":1011,"byte_end":1020,"line_start":31,"line_end":31,"column_start":64,"column_end":73,"is_primary":true,"text":[{"text":"        .route(\"/api/v1/pipeline/queues/:stage\", get(handlers::get_queue))","highlight_start":64,"highlight_end":73}],"label":"not found in `handlers`","suggested_replacement":null,"suggestion_applicability":null,"expansion":null}],"children":[],"rendered":"\u001b[1m\u001b[91merror[E0425]\u001b[0m\u001b[1m\u001b[97m: cannot find value `get_queue` in module `handlers`\u001b[0m\n  \u001b[1m\u001b[96m--> \u001b[0mcmd\\shard-splitter\\main.rs:31:64\n   \u001b[1m\u001b[96m|\u001b[0m\n\u001b[1m\u001b[96m31\u001b[0m \u001b[1m\u001b[96m|\u001b[0m         .route(\"/api/v1/pipeline/queues/:stage\", get(handlers::get_queue))\n   \u001b[1m\u001b[96m|\u001b[0m                                                                \u001b[1m\u001b[91m^^^^^^^^^\u001b[0m \u001b[1m\u001b[91mnot found in `handlers`\u001b[0m\n\n"}
{"$message_type":"diagnostic","message":"cannot find value `get_file_status` in module `handlers`","code":{"code":"E0425","explanation":"An unresolved name was used.\n\nErroneous code examples:\n\n```compile_fail,E0425\nsomething_that_doesnt_exist::foo;\n// error: unresolved name `something_that_doesnt_exist::foo`\n\n// or:\n\ntrait Foo {\n    fn bar() {\n        Self; // error: unresolved name `Self`\n    }\n}\n\n// or:\n\nlet x = unknown_variable;  // error: unresolved name `unknown_variable`\n```\n\nPlease verify that the name wasn't misspelled and ensure that the\nidentifier being referred to is valid for the given situation. Example:\n\n```\nenum something_that_does_exist {\n    Foo,\n}\n```\n\nOr:\n\n```\nmod something_that_does_exist {\n    pub static foo : i32 = 0i32;\n}\n\nsomething_that_does_exist::foo; // ok!\n```\n\nOr:\n\n```\nlet unknown_variable = 12u32;\nlet x = unknown_variable; // ok!\n```\n\nIf the item is not defined in the current module, it must be imported using a\n`use` statement, like so:\n\n```\n# mod foo { pub fn bar() {} }\n# fn main() {\nuse foo::bar;\nbar();\n# }\n```\n\nIf the item you are importing is not defined in some super-module of the\ncurrent module, then it must also be declared as public (e.g., `pub fn`).\n"},"level":"error","spans":[{"file_name":"cmd\\shard-splitter\\main.rs","byte_start":1151,"byte_end":1166,"line_start":34,"line_end":34,"column_start":66,"column_end":81,"is_primary":true,"text":[{"text":"        .route(\"/api/v1/pipeline/files/:filename\", get(handlers::get_file_status))","highlight_start":66,"highlight_end":81}],"label":"not found in `handlers`","suggested_replacement":null,"suggestion_applicability":null,"expansion":null}],"children":[],"rendered":"\u001b[1m\u001b[91merror[E0425]\u001b[0m\u001b[1m\u001b[97m: cannot find value `get_file_status` in module `handlers`\u001b[0m\n  \u001b[1m\u001b[96m--> \u001b[0mcmd\\shard-splitter\\main.rs:34:66\n   \u001b[1m\u001b[96m|\u001b[0m\n\u001b[1m\u001b[96m34\u001b[0m \u001b[1m\u001b[96m|\u001b[0m         .route(\"/api/v1/pipeline/files/:filename\", get(handlers::get_file_status))\n   \u001b[1m\u001b[96m|\u001b[0m                                                                  \u001b[1m\u001b[91m^^^^^^^^^^^^^^^\u001b[0m \u001b[1m\u001b[91mnot found in `handlers`\u001b[0m\n\n"}
{"$message_type":"diagnostic","message":"cannot find value `get_metrics` in module `handlers`","code":{"code":"E0425","explanation":"An unresolved name was used.\n\nErroneous code examples:\n\n```compile_fail,E0425\nsomething_that_doesnt_exist::foo;\n// error: unresolved name `something_that_doesnt_exist::foo`\n\n// or:\n\ntrait Foo {\n    fn bar() {\n        Self; // error: unresolved name `Self`\n    }\n}\n\n// or:\n\nlet x = unknown_variable;  // error: unresolved name `unknown_variable`\n```\n\nPlease verify that the name wasn't misspelled and ensure that the\nidentifier being referred to is valid for the given situation. Example:\n\n```\nenum something_that_does_exist {\n    Foo,\n}\n```\n\nOr:\n\n```\nmod something_that_does_exist {\n    pub static foo : i32 = 0i32;\n}\n\nsomething_that_does_exist::foo; // ok!\n```\n\nOr:\n\n```\nlet unknown_variable = 12u32;\nlet x = unknown_variable; // ok!\n```\n\nIf the item is not defined in the current module, it must be imported using a\n`use` statement, like so:\n\n```\n# mod foo { pub fn bar() {} }\n# fn main() {\nuse foo::bar;\nbar();\n# }\n```\n\nIf the item you are importing is not defined in some super-module of the\ncurrent module, then it must also be declared as public (e.g., `pub fn`).\n"},"level":"error","spans":[{"file_name":"cmd\\shard-splitter\\main.rs","byte_start":1264,"byte_end":1275,"line_start":37,"line_end":37,"column_start":66,"column_end":77,"is_primary":true,"text":[{"text":"        .route(\"/api/v1/pipeline/metrics/summary\", get(handlers::get_metrics))","highlight_start":66,"highlight_end":77}],"label":"not found in `handlers`","suggested_replacement":null,"suggestion_applicability":null,"expansion":null}],"children":[],"rendered":"\u001b[1m\u001b[91merror[E0425]\u001b[0m\u001b[1m\u001b[97m: cannot find value `get_metrics` in module `handlers`\u001b[0m\n  \u001b[1m\u001b[96m--> \u001b[0mcmd\\shard-splitter\\main.rs:37:66\n   \u001b[1m\u001b[96m|\u001b[0m\n\u001b[1m\u001b[96m37\u001b[0m \u001b[1m\u001b[96m|\u001b[0m         .route(\"/api/v1/pipeline/metrics/summary\", get(handlers::get_metrics))\n   \u001b[1m\u001b[96m|\u001b[0m                                                                  \u001b[1m\u001b[91m^^^^^^^^^^^\u001b[0m \u001b[1m\u001b[91mnot found in `handlers`\u001b[0m\n\n"}
{"$message_type":"diagnostic","message":"type annotations needed","code":{"code":"E0282","explanation":"The compiler could not infer a type and asked for a type annotation.\n\nErroneous code example:\n\n```compile_fail,E0282\nlet x = Vec::new();\n```\n\nThis error indicates that type inference did not result in one unique possible\ntype, and extra information is required. In most cases this can be provided\nby adding a type annotation. Sometimes you need to specify a generic type\nparameter manually.\n\nIn the example above, type `Vec` has a type parameter `T`. When calling\n`Vec::new`, barring any other later usage of the variable `x` that allows the\ncompiler to infer what type `T` is, the compiler needs to be told what it is.\n\nThe type can be specified on the variable:\n\n```\nlet x: Vec<i32> = Vec::new();\n```\n\nThe type can also be specified in the path of the expression:\n\n```\nlet x = Vec::<i32>::new();\n```\n\nIn cases with more complex types, it is not necessary to annotate the full\ntype. Once the ambiguity is resolved, the compiler can infer the rest:\n\n```\nlet x: Vec<_> = \"hello\".chars().rev().collect();\n```\n\nAnother way to provide the compiler with enough information, is to specify the\ngeneric type parameter:\n\n```\nlet x = \"hello\".chars().rev().collect::<Vec<char>>();\n```\n\nAgain, you need not specify the full type if the compiler can infer it:\n\n```\nlet x = \"hello\".chars().rev().collect::<Vec<_>>();\n```\n\nApart from a method or function with a generic type parameter, this error can\noccur when a type parameter of a struct or trait cannot be inferred. In that\ncase it is not always possible to use a type annotation, because all candidates\nhave the same return type. For instance:\n\n```compile_fail,E0282\nstruct Foo<T> {\n    num: T,\n}\n\nimpl<T> Foo<T> {\n    fn bar() -> i32 {\n        0\n    }\n\n    fn baz() {\n        let number = Foo::bar();\n    }\n}\n```\n\nThis will fail because the compiler does not know which instance of `Foo` to\ncall `bar` on. Change `Foo::bar()` to `Foo::<T>::bar()` to resolve the error.\n"},"level":"error","spans":[{"file_name":"cmd\\shard-splitter\\db.rs","byte_start":243,"byte_end":344,"line_start":7,"line_end":10,"column_start":5,"column_end":15,"is_primary":true,"text":[{"text":"    MySqlPoolOptions::new()","highlight_start":5,"highlight_end":28},{"text":"        .max_connections(5)","highlight_start":1,"highlight_end":28},{"text":"        .connect(&database_url)","highlight_start":1,"highlight_end":32},{"text":"        .await","highlight_start":1,"highlight_end":15}],"label":"cannot infer type","suggested_replacement":null,"suggestion_applicability":null,"expansion":null}],"children":[],"rendered":"\u001b[1m\u001b[91merror[E0282]\u001b[0m\u001b[1m\u001b[97m: type annotations needed\u001b[0m\n  \u001b[1m\u001b[96m--> \u001b[0mcmd\\shard-splitter\\db.rs:7:5\n   \u001b[1m\u001b[96m|\u001b[0m\n \u001b[1m\u001b[96m7\u001b[0m \u001b[1m\u001b[96m|\u001b[0m \u001b[1m\u001b[91m/\u001b[0m     MySqlPoolOptions::new()\n \u001b[1m\u001b[96m8\u001b[0m \u001b[1m\u001b[96m|\u001b[0m \u001b[1m\u001b[91m|\u001b[0m         .max_connections(5)\n \u001b[1m\u001b[96m9\u001b[0m \u001b[1m\u001b[96m|\u001b[0m \u001b[1m\u001b[91m|\u001b[0m         .connect(&database_url)\n\u001b[1m\u001b[96m10\u001b[0m \u001b[1m\u001b[96m|\u001b[0m \u001b[1m\u001b[91m|\u001b[0m         .await\n   \u001b[1m\u001b[96m|\u001b[0m \u001b[1m\u001b[91m|______________^\u001b[0m \u001b[1m\u001b[91mcannot infer type\u001b[0m\n\n"}
{"$message_type":"diagnostic","message":"failed to resolve: use of unresolved module or unlinked crate `sqlx`","code":{"code":"E0433","explanation":"An undeclared crate, module, or type was used.\n\nErroneous code example:\n\n```compile_fail,E0433\nlet map = HashMap::new();\n// error: failed to resolve: use of undeclared type `HashMap`\n```\n\nPlease verify you didn't misspell the type/module's name or that you didn't\nforget to import it:\n\n```\nuse std::collections::HashMap; // HashMap has been imported.\nlet map: HashMap<u32, u32> = HashMap::new(); // So it can be used!\n```\n\nIf you've expected to use a crate name:\n\n```compile_fail\nuse ferris_wheel::BigO;\n// error: failed to resolve: use of undeclared module or unlinked crate\n```\n\nMake sure the crate has been added as a dependency in `Cargo.toml`.\n\nTo use a module from your current crate, add the `crate::` prefix to the path.\n"},"level":"error","spans":[{"file_name":"cmd\\shard-splitter\\db.rs","byte_start":439,"byte_end":443,"line_start":15,"line_end":15,"column_start":5,"column_end":9,"is_primary":true,"text":[{"text":"    sqlx::query(","highlight_start":5,"highlight_end":9}],"label":"use of unresolved module or unlinked crate `sqlx`","suggested_replacement":null,"suggestion_applicability":null,"expansion":null}],"children":[{"message":"if you wanted to use a crate named `sqlx`, use `cargo add sqlx` to add it to your `Cargo.toml`","code":null,"level":"help","spans":[],"children":[],"rendered":null}],"rendered":"\u001b[1m\u001b[91merror[E0433]\u001b[0m\u001b[1m\u001b[97m: failed to resolve: use of unresolved module or unlinked crate `sqlx`\u001b[0m\n  \u001b[1m\u001b[96m--> \u001b[0mcmd\\shard-splitter\\db.rs:15:5\n   \u001b[1m\u001b[96m|\u001b[0m\n\u001b[1m\u001b[96m15\u001b[0m \u001b[1m\u001b[96m|\u001b[0m     sqlx::query(\n   \u001b[1m\u001b[96m|\u001b[0m     \u001b[1m\u001b[91m^^^^\u001b[0m \u001b[1m\u001b[91muse of unresolved module or unlinked crate `sqlx`\u001b[0m\n   \u001b[1m\u001b[96m|\u001b[0m\n   \u001b[1m\u001b[96m= \u001b[0m\u001b[1m\u001b[97mhelp\u001b[0m: if you wanted to use a crate named `sqlx`, use `cargo add sqlx` to add it to your `Cargo.toml`\n\n"}
{"$message_type":"diagnostic","message":"type annotations needed","code":{"code":"E0282","explanation":"The compiler could not infer a type and asked for a type annotation.\n\nErroneous code example:\n\n```compile_fail,E0282\nlet x = Vec::new();\n```\n\nThis error indicates that type inference did not result in one unique possible\ntype, and extra information is required. In most cases this can be provided\nby adding a type annotation. Sometimes you need to specify a generic type\nparameter manually.\n\nIn the example above, type `Vec` has a type parameter `T`. When calling\n`Vec::new`, barring any other later usage of the variable `x` that allows the\ncompiler to infer what type `T` is, the compiler needs to be told what it is.\n\nThe type can be specified on the variable:\n\n```\nlet x: Vec<i32> = Vec::new();\n```\n\nThe type can also be specified in the path of the expression:\n\n```\nlet x = Vec::<i32>::new();\n```\n\nIn cases with more complex types, it is not necessary to annotate the full\ntype. Once the ambiguity is resolved, the compiler can infer the rest:\n\n```\nlet x: Vec<_> = \"hello\".chars().rev().collect();\n```\n\nAnother way to provide the compiler with enough information, is to specify the\ngeneric type parameter:\n\n```\nlet x = \"hello\".chars().rev().collect::<Vec<char>>();\n```\n\nAgain, you need not specify the full type if the compiler can infer it:\n\n```\nlet x = \"hello\".chars().rev().collect::<Vec<_>>();\n```\n\nApart from a method or function with a generic type parameter, this error can\noccur when a type parameter of a struct or trait cannot be inferred. In that\ncase it is not always possible to use a type annotation, because all candidates\nhave the same return type. For instance:\n\n```compile_fail,E0282\nstruct Foo<T> {\n    num: T,\n}\n\nimpl<T> Foo<T> {\n    fn bar() -> i32 {\n        0\n    }\n\n    fn baz() {\n        let number = Foo::bar();\n    }\n}\n```\n\nThis will fail because the compiler does not know which instance of `Foo` to\ncall `bar` on. Change `Foo::bar()` to `Foo::<T>::bar()` to resolve the error.\n"},"level":"error","spans":[{"file_name":"cmd\\shard-splitter\\db.rs","byte_start":439,"byte_end":1472,"line_start":15,"line_end":34,"column_start":5,"column_end":15,"is_primary":true,"text":[{"text":"    sqlx::query(","highlight_start":5,"highlight_end":17},{"text":"        r#\"","highlight_start":1,"highlight_end":12},{"text":"        CREATE TABLE IF NOT EXISTS pipeline_tracking (","highlight_start":1,"highlight_end":55},{"text":"            id BIGINT AUTO_INCREMENT PRIMARY KEY,","highlight_start":1,"highlight_end":50},{"text":"            filename VARCHAR(255) NOT NULL,","highlight_start":1,"highlight_end":44},{"text":"            shard INT NOT NULL,","highlight_start":1,"highlight_end":32},{"text":"            event_ingest_status ENUM('new', 'started', 'done', 'failed') DEFAULT 'new',","highlight_start":1,"highlight_end":88},{"text":"            shard_splitter_status ENUM('new', 'started', 'done', 'failed') DEFAULT 'new',","highlight_start":1,"highlight_end":90},{"text":"            shard_worker_status ENUM('new', 'started', 'done', 'failed') DEFAULT 'new',","highlight_start":1,"highlight_end":88},{"text":"            mysql_sender_status ENUM('new', 'started', 'done', 'failed') DEFAULT 'new',","highlight_start":1,"highlight_end":88},{"text":"            created_at TIMESTAMP DEFAULT CURRENT_TIMESTAMP,","highlight_start":1,"highlight_end":60},{"text":"            updated_at TIMESTAMP DEFAULT CURRENT_TIMESTAMP ON UPDATE CURRENT_TIMESTAMP,","highlight_start":1,"highlight_end":88},{"text":"            UNIQUE KEY uq_filename_shard (filename, shard),","highlight_start":1,"highlight_end":60},{"text":"            INDEX idx_stage_status (shard_splitter_status, shard_worker_status, mysql_sender_status),","highlight_start":1,"highlight_end":102},{"text":"            INDEX idx_filename (filename)","highlight_start":1,"highlight_end":42},{"text":"        ) ENGINE=InnoDB DEFAULT CHARSET=utf8mb4","highlight_start":1,"highlight_end":48},{"text":"        \"#","highlight_start":1,"highlight_end":11},{"text":"    )","highlight_start":1,"highlight_end":6},{"text":"        .execute(pool)","highlight_start":1,"highlight_end":23},{"text":"        .await","highlight_start":1,"highlight_end":15}],"label":"cannot infer type","suggested_replacement":null,"suggestion_applicability":null,"expansion":null}],"children":[],"rendered":"\u001b[1m\u001b[91merror[E0282]\u001b[0m\u001b[1m\u001b[97m: type annotations needed\u001b[0m\n  \u001b[1m\u001b[96m--> \u001b[0mcmd\\shard-splitter\\db.rs:15:5\n   \u001b[1m\u001b[96m|\u001b[0m\n\u001b[1m\u001b[96m15\u001b[0m \u001b[1m\u001b[96m|\u001b[0m \u001b[1m\u001b[91m/\u001b[0m     sqlx::query(\n\u001b[1m\u001b[96m16\u001b[0m \u001b[1m\u001b[96m|\u001b[0m \u001b[1m\u001b[91m|\u001b[0m         r#\"\n\u001b[1m\u001b[96m17\u001b[0m \u001b[1m\u001b[96m|\u001b[0m \u001b[1m\u001b[91m|\u001b[0m         CREATE TABLE IF NOT EXISTS pipeline_tracking (\n\u001b[1m\u001b[96m18\u001b[0m \u001b[1m\u001b[96m|\u001b[0m \u001b[1m\u001b[91m|\u001b[0m             id BIGINT AUTO_INCREMENT PRIMARY KEY,\n\u001b[1m\u001b[96m...\u001b[0m  \u001b[1m\u001b[91m|\u001b[0m\n\u001b[1m\u001b[96m33\u001b[0m \u001b[1m\u001b[96m|\u001b[0m \u001b[1m\u001b[91m|\u001b[0m         .execute(pool)\n\u001b[1m\u001b[96m34\u001b[0m \u001b[1m\u001b[96m|\u001b[0m \u001b[1m\u001b[91m|\u001b[0m         .await\n   \u001b[1m\u001b[96m|\u001b[0m \u001b[1m\u001b[91m|______________^\u001b[0m \u001b[1m\u001b[91mcannot infer type\u001b[0m\n\n"}
{"$message_type":"diagnostic","message":"the trait bound `DateTime<Utc>: serde::Serialize` is not satisfied","code":{"code":"E0277","explanation":"You tried to use a type which doesn't implement some trait in a place which\nexpected that trait.\n\nErroneous code example:\n\n```compile_fail,E0277\n// here we declare the Foo trait with a bar method\ntrait Foo {\n    fn bar(&self);\n}\n\n// we now declare a function which takes an object implementing the Foo trait\nfn some_func<T: Foo>(foo: T) {\n    foo.bar();\n}\n\nfn main() {\n    // we now call the method with the i32 type, which doesn't implement\n    // the Foo trait\n    some_func(5i32); // error: the trait bound `i32 : Foo` is not satisfied\n}\n```\n\nIn order to fix this error, verify that the type you're using does implement\nthe trait. Example:\n\n```\ntrait Foo {\n    fn bar(&self);\n}\n\n// we implement the trait on the i32 type\nimpl Foo for i32 {\n    fn bar(&self) {}\n}\n\nfn some_func<T: Foo>(foo: T) {\n    foo.bar(); // we can now use this method since i32 implements the\n               // Foo trait\n}\n\nfn main() {\n    some_func(5i32); // ok!\n}\n```\n\nOr in a generic context, an erroneous code example would look like:\n\n```compile_fail,E0277\nfn some_func<T>(foo: T) {\n    println!(\"{:?}\", foo); // error: the trait `core::fmt::Debug` is not\n                           //        implemented for the type `T`\n}\n\nfn main() {\n    // We now call the method with the i32 type,\n    // which *does* implement the Debug trait.\n    some_func(5i32);\n}\n```\n\nNote that the error here is in the definition of the generic function. Although\nwe only call it with a parameter that does implement `Debug`, the compiler\nstill rejects the function. It must work with all possible input types. In\norder to make this example compile, we need to restrict the generic type we're\naccepting:\n\n```\nuse std::fmt;\n\n// Restrict the input type to types that implement Debug.\nfn some_func<T: fmt::Debug>(foo: T) {\n    println!(\"{:?}\", foo);\n}\n\nfn main() {\n    // Calling the method is still fine, as i32 implements Debug.\n    some_func(5i32);\n\n    // This would fail to compile now:\n    // struct WithoutDebug;\n    // some_func(WithoutDebug);\n}\n```\n\nRust only looks at the signature of the called function, as such it must\nalready specify all requirements that will be used for every type parameter.\n"},"level":"error","spans":[{"file_name":"cmd\\shard-splitter\\models.rs","byte_start":899,"byte_end":908,"line_start":43,"line_end":43,"column_start":17,"column_end":26,"is_primary":true,"text":[{"text":"#[derive(Debug, Serialize)]","highlight_start":17,"highlight_end":26}],"label":"the trait `Serialize` is not implemented for `DateTime<Utc>`","suggested_replacement":null,"suggestion_applicability":null,"expansion":{"span":{"file_name":"cmd\\shard-splitter\\models.rs","byte_start":899,"byte_end":908,"line_start":43,"line_end":43,"column_start":17,"column_end":26,"is_primary":false,"text":[{"text":"#[derive(Debug, Serialize)]","highlight_start":17,"highlight_end":26}],"label":null,"suggested_replacement":null,"suggestion_applicability":null,"expansion":null},"macro_decl_name":"#[derive(Serialize)]","def_site_span":{"file_name":"C:\\Users\\user\\.cargo\\registry\\src\\index.crates.io-1949cf8c6b5b557f\\serde_derive-1.0.228\\src\\lib.rs","byte_start":3101,"byte_end":3159,"line_start":114,"line_end":114,"column_start":1,"column_end":59,"is_primary":false,"text":[{"text":"pub fn derive_serialize(input: TokenStream) -> TokenStream {","highlight_start":1,"highlight_end":59}],"label":null,"suggested_replacement":null,"suggestion_applicability":null,"expansion":null}}},{"file_name":"cmd\\shard-splitter\\models.rs","byte_start":988,"byte_end":991,"line_start":47,"line_end":47,"column_start":5,"column_end":8,"is_primary":false,"text":[{"text":"    pub created_at: DateTime<Utc>,","highlight_start":5,"highlight_end":8}],"label":"required by a bound introduced by this call","suggested_replacement":null,"suggestion_applicability":null,"expansion":null}],"children":[{"message":"for local types consider adding `#[derive(serde::Serialize)]` to your `DateTime<Utc>` type","code":null,"level":"note","spans":[],"children":[],"rendered":null},{"message":"for types from other crates check whether the crate offers a `serde` feature flag","code":null,"level":"note","spans":[],"children":[],"rendered":null},{"message":"the following other types implement trait `Serialize`:\n  &'a T\n  &'a mut T\n  ()\n  (T,)\n  (T0, T1)\n  (T0, T1, T2)\n  (T0, T1, T2, T3)\n  (T0, T1, T2, T3, T4)\nand 142 others","code":null,"level":"help","spans":[],"children":[],"rendered":null},{"message":"required by a bound in `models::_::_serde::ser::SerializeStruct::serialize_field`","code":null,"level":"note","spans":[{"file_name":"C:\\Users\\user\\.cargo\\registry\\src\\index.crates.io-1949cf8c6b5b557f\\serde_core-1.0.228\\src\\ser\\mod.rs","byte_start":62575,"byte_end":62590,"line_start":1915,"line_end":1915,"column_start":8,"column_end":23,"is_primary":false,"text":[{"text":"    fn serialize_field<T>(&mut self, key: &'static str, value: &T) -> Result<(), Self::Error>","highlight_start":8,"highlight_end":23}],"label":"required by a bound in this associated function","suggested_replacement":null,"suggestion_applicability":null,"expansion":null},{"file_name":"C:\\Users\\user\\.cargo\\registry\\src\\index.crates.io-1949cf8c6b5b557f\\serde_core-1.0.228\\src\\ser\\mod.rs","byte_start":62692,"byte_end":62701,"line_start":1917,"line_end":1917,"column_start":21,"column_end":30,"is_primary":true,"text":[{"text":"        T: ?Sized + Serialize;","highlight_start":21,"highlight_end":30}],"label":"required by this bound in `SerializeStruct::serialize_field`","suggested_replacement":null,"suggestion_applicability":null,"expansion":null}],"children":[],"rendered":null}],"rendered":"\u001b[1m\u001b[91merror[E0277]\u001b[0m\u001b[1m\u001b[97m: the trait bound `DateTime<Utc>: serde::Serialize` is not satisfied\u001b[0m\n    \u001b[1m\u001b[96m--> \u001b[0mcmd\\shard-splitter\\models.rs:43:17\n     \u001b[1m\u001b[96m|\u001b[0m\n  \u001b[1m\u001b[96m43\u001b[0m \u001b[1m\u001b[96m|\u001b[0m #[derive(Debug, Serialize)]\n     \u001b[1m\u001b[96m|\u001b[0m                 \u001b[1m\u001b[91m^^^^^^^^^\u001b[0m \u001b[1m\u001b[91mthe trait `Serialize` is not implemented for `DateTime<Utc>`\u001b[0m\n\u001b[1m\u001b[96m...\u001b[0m\n  \u001b[1m\u001b[96m47\u001b[0m \u001b[1m\u001b[96m|\u001b[0m     pub created_at: DateTime<Utc>,\n     \u001b[1m\u001b[96m|\u001b[0m     \u001b[1m\u001b[96m---\u001b[0m \u001b[1m\u001b[96mrequired by a bound introduced by this call\u001b[0m\n     \u001b[1m\u001b[96m|\u001b[0m\n     \u001b[1m\u001b[96m= \u001b[0m\u001b[1m\u001b[97mnote\u001b[0m: for local types consider adding `#[derive(serde::Serialize)]` to your `DateTime<Utc>` type\n     \u001b[1m\u001b[96m= \u001b[0m\u001b[1m\u001b[97mnote\u001b[0m: for types from other crates check whether the crate offers a `serde` feature flag\n     \u001b[1m\u001b[96m= \u001b[0m\u001b[1m\u001b[97mhelp\u001b[0m: the following other types implement trait `Serialize`:\n               &'a T\n               &'a mut T\n               ()\n               (T,)\n               (T0, T1)\n               (T0, T1, T2)\n               (T0, T1, T2, T3)\n               (T0, T1, T2, T3, T4)\n             and 142 others\n\u001b[1m\u001b[92mnote\u001b[0m: required by a bound in `models::_::_serde::ser::SerializeStruct::serialize_field`\n    \u001b[1m\u001b[96m--> \u001b[0mC:\\Users\\user\\.cargo\\registry\\src\\index.crates.io-1949cf8c6b5b557f\\serde_core-1.0.228\\src\\ser\\mod.rs:1917:21\n     \u001b[1m\u001b[96m|\u001b[0m\n\u001b[1m\u001b[96m1915\u001b[0m \u001b[1m\u001b[96m|\u001b[0m     fn serialize_field<T>(&mut self, key: &'static str, value: &T) -> Result<(), Self::Error>\n     \u001b[1m\u001b[96m|\u001b[0m        \u001b[1m\u001b[96m---------------\u001b[0m \u001b[1m\u001b[96mrequired by a bound in this associated function\u001b[0m\n\u001b[1m\u001b[96m1916\u001b[0m \u001b[1m\u001b[96m|\u001b[0m     where\n\u001b[1m\u001b[96m1917\u001b[0m \u001b[1m\u001b[96m|\u001b[0m         T: ?Sized + Serialize;\n     \u001b[1m\u001b[96m|\u001b[0m                     \u001b[1m\u001b[92m^^^^^^^^^\u001b[0m \u001b[1m\u001b[92mrequired by this bound in `SerializeStruct::serialize_field`\u001b[0m\n     \u001b[1m\u001b[96m= \u001b[0m\u001b[1m\u001b[97mnote\u001b[0m: this error originates in the derive macro `Serialize` (in Nightly builds, run with -Z macro-backtrace for more info)\n\n"}
{"$message_type":"diagnostic","message":"the trait bound `DateTime<Utc>: serde::Serialize` is not satisfied","code":{"code":"E0277","explanation":"You tried to use a type which doesn't implement some trait in a place which\nexpected that trait.\n\nErroneous code example:\n\n```compile_fail,E0277\n// here we declare the Foo trait with a bar method\ntrait Foo {\n    fn bar(&self);\n}\n\n// we now declare a function which takes an object implementing the Foo trait\nfn some_func<T: Foo>(foo: T) {\n    foo.bar();\n}\n\nfn main() {\n    // we now call the method with the i32 type, which doesn't implement\n    // the Foo trait\n    some_func(5i32); // error: the trait bound `i32 : Foo` is not satisfied\n}\n```\n\nIn order to fix this error, verify that the type you're using does implement\nthe trait. Example:\n\n```\ntrait Foo {\n    fn bar(&self);\n}\n\n// we implement the trait on the i32 type\nimpl Foo for i32 {\n    fn bar(&self) {}\n}\n\nfn some_func<T: Foo>(foo: T) {\n    foo.bar(); // we can now use this method since i32 implements the\n               // Foo trait\n}\n\nfn main() {\n    some_func(5i32); // ok!\n}\n```\n\nOr in a generic context, an erroneous code example would look like:\n\n```compile_fail,E0277\nfn some_func<T>(foo: T) {\n    println!(\"{:?}\", foo); // error: the trait `core::fmt::Debug` is not\n                           //        implemented for the type `T`\n}\n\nfn main() {\n    // We now call the method with the i32 type,\n    // which *does* implement the Debug trait.\n    some_func(5i32);\n}\n```\n\nNote that the error here is in the definition of the generic function. Although\nwe only call it with a parameter that does implement `Debug`, the compiler\nstill rejects the function. It must work with all possible input types. In\norder to make this example compile, we need to restrict the generic type we're\naccepting:\n\n```\nuse std::fmt;\n\n// Restrict the input type to types that implement Debug.\nfn some_func<T: fmt::Debug>(foo: T) {\n    println!(\"{:?}\", foo);\n}\n\nfn main() {\n    // Calling the method is still fine, as i32 implements Debug.\n    some_func(5i32);\n\n    // This would fail to compile now:\n    // struct WithoutDebug;\n    // some_func(WithoutDebug);\n}\n```\n\nRust only looks at the signature of the called function, as such it must\nalready specify all requirements that will be used for every type parameter.\n"},"level":"error","spans":[{"file_name":"cmd\\shard-splitter\\models.rs","byte_start":1159,"byte_end":1168,"line_start":56,"line_end":56,"column_start":17,"column_end":26,"is_primary":true,"text":[{"text":"#[derive(Debug, Serialize)]","highlight_start":17,"highlight_end":26}],"label":"the trait `Serialize` is not implemented for `DateTime<Utc>`","suggested_replacement":null,"suggestion_applicability":null,"expansion":{"span":{"file_name":"cmd\\shard-splitter\\models.rs","byte_start":1159,"byte_end":1168,"line_start":56,"line_end":56,"column_start":17,"column_end":26,"is_primary":false,"text":[{"text":"#[derive(Debug, Serialize)]","highlight_start":17,"highlight_end":26}],"label":null,"suggested_replacement":null,"suggestion_applicability":null,"expansion":null},"macro_decl_name":"#[derive(Serialize)]","def_site_span":{"file_name":"C:\\Users\\user\\.cargo\\registry\\src\\index.crates.io-1949cf8c6b5b557f\\serde_derive-1.0.228\\src\\lib.rs","byte_start":3101,"byte_end":3159,"line_start":114,"line_end":114,"column_start":1,"column_end":59,"is_primary":false,"text":[{"text":"pub fn derive_serialize(input: TokenStream) -> TokenStream {","highlight_start":1,"highlight_end":59}],"label":null,"suggested_replacement":null,"suggestion_applicability":null,"expansion":null}}},{"file_name":"cmd\\shard-splitter\\models.rs","byte_start":1377,"byte_end":1380,"line_start":63,"line_end":63,"column_start":5,"column_end":8,"is_primary":false,"text":[{"text":"    pub updated_at: DateTime<Utc>,","highlight_start":5,"highlight_end":8}],"label":"required by a bound introduced by this call","suggested_replacement":null,"suggestion_applicability":null,"expansion":null}],"children":[{"message":"for local types consider adding `#[derive(serde::Serialize)]` to your `DateTime<Utc>` type","code":null,"level":"note","spans":[],"children":[],"rendered":null},{"message":"for types from other crates check whether the crate offers a `serde` feature flag","code":null,"level":"note","spans":[],"children":[],"rendered":null},{"message":"the following other types implement trait `Serialize`:\n  &'a T\n  &'a mut T\n  ()\n  (T,)\n  (T0, T1)\n  (T0, T1, T2)\n  (T0, T1, T2, T3)\n  (T0, T1, T2, T3, T4)\nand 142 others","code":null,"level":"help","spans":[],"children":[],"rendered":null},{"message":"required by a bound in `models::_::_serde::ser::SerializeStruct::serialize_field`","code":null,"level":"note","spans":[{"file_name":"C:\\Users\\user\\.cargo\\registry\\src\\index.crates.io-1949cf8c6b5b557f\\serde_core-1.0.228\\src\\ser\\mod.rs","byte_start":62575,"byte_end":62590,"line_start":1915,"line_end":1915,"column_start":8,"column_end":23,"is_primary":false,"text":[{"text":"    fn serialize_field<T>(&mut self, key: &'static str, value: &T) -> Result<(), Self::Error>","highlight_start":8,"highlight_end":23}],"label":"required by a bound in this associated function","suggested_replacement":null,"suggestion_applicability":null,"expansion":null},{"file_name":"C:\\Users\\user\\.cargo\\registry\\src\\index.crates.io-1949cf8c6b5b557f\\serde_core-1.0.228\\src\\ser\\mod.rs","byte_start":62692,"byte_end":62701,"line_start":1917,"line_end":1917,"column_start":21,"column_end":30,"is_primary":true,"text":[{"text":"        T: ?Sized + Serialize;","highlight_start":21,"highlight_end":30}],"label":"required by this bound in `SerializeStruct::serialize_field`","suggested_replacement":null,"suggestion_applicability":null,"expansion":null}],"children":[],"rendered":null}],"rendered":"\u001b[1m\u001b[91merror[E0277]\u001b[0m\u001b[1m\u001b[97m: the trait bound `DateTime<Utc>: serde::Serialize` is not satisfied\u001b[0m\n    \u001b[1m\u001b[96m--> \u001b[0mcmd\\shard-splitter\\models.rs:56:17\n     \u001b[1m\u001b[96m|\u001b[0m\n  \u001b[1m\u001b[96m56\u001b[0m \u001b[1m\u001b[96m|\u001b[0m #[derive(Debug, Serialize)]\n     \u001b[1m\u001b[96m|\u001b[0m                 \u001b[1m\u001b[91m^^^^^^^^^\u001b[0m \u001b[1m\u001b[91mthe trait `Serialize` is not implemented for `DateTime<Utc>`\u001b[0m\n\u001b[1m\u001b[96m...\u001b[0m\n  \u001b[1m\u001b[96m63\u001b[0m \u001b[1m\u001b[96m|\u001b[0m     pub updated_at: DateTime<Utc>,\n     \u001b[1m\u001b[96m|\u001b[0m     \u001b[1m\u001b[96m---\u001b[0m \u001b[1m\u001b[96mrequired by a bound introduced by this call\u001b[0m\n     \u001b[1m\u001b[96m|\u001b[0m\n     \u001b[1m\u001b[96m= \u001b[0m\u001b[1m\u001b[97mnote\u001b[0m: for local types consider adding `#[derive(serde::Serialize)]` to your `DateTime<Utc>` type\n     \u001b[1m\u001b[96m= \u001b[0m\u001b[1m\u001b[97mnote\u001b[0m: for types from other crates check whether the crate offers a `serde` feature flag\n     \u001b[1m\u001b[96m= \u001b[0m\u001b[1m\u001b[97mhelp\u001b[0m: the following other types implement trait `Serialize`:\n               &'a T\n               &'a mut T\n               ()\n               (T,)\n               (T0, T1)\n               (T0, T1, T2)\n               (T0, T1, T2, T3)\n               (T0, T1, T2, T3, T4)\n             and 142 others\n\u001b[1m\u001b[92mnote\u001b[0m: required by a bound in `models::_::_serde::ser::SerializeStruct::serialize_field`\n    \u001b[1m\u001b[96m--> \u001b[0mC:\\Users\\user\\.cargo\\registry\\src\\index.crates.io-1949cf8c6b5b557f\\serde_core-1.0.228\\src\\ser\\mod.rs:1917:21\n     \u001b[1m\u001b[96m|\u001b[0m\n\u001b[1m\u001b[96m1915\u001b[0m \u001b[1m\u001b[96m|\u001b[0m     fn serialize_field<T>(&mut self, key: &'static str, value: &T) -> Result<(), Self::Error>\n     \u001b[1m\u001b[96m|\u001b[0m        \u001b[1m\u001b[96m---------------\u001b[0m \u001b[1m\u001b[96mrequired by a bound in this associated function\u001b[0m\n\u001b[1m\u001b[96m1916\u001b[0m \u001b[1m\u001b[96m|\u001b[0m     where\n\u001b[1m\u001b[96m1917\u001b[0m \u001b[1m\u001b[96m|\u001b[0m         T: ?Sized + Serialize;\n     \u001b[1m\u001b[96m|\u001b[0m                     \u001b[1m\u001b[92m^^^^^^^^^\u001b[0m \u001b[1m\u001b[92mrequired by this bound in `SerializeStruct::serialize_field`\u001b[0m\n     \u001b[1m\u001b[96m= \u001b[0m\u001b[1m\u001b[97mnote\u001b[0m: this error originates in the derive macro `Serialize` (in Nightly builds, run with -Z macro-backtrace for more info)\n\n"}
{"$message_type":"diagnostic","message":"aborting due to 14 previous errors","code":null,"level":"error","spans":[],"children":[],"rendered":"\u001b[1m\u001b[91merror\u001b[0m\u001b[1m\u001b[97m: aborting due to 14 previous errors\u001b[0m\n\n"}
{"$message_type":"diagnostic","message":"Some errors have detailed explanations: E0277, E0282, E0425, E0433.","code":null,"level":"failure-note","spans":[],"children":[],"rendered":"\u001b[1m\u001b[97mSome errors have detailed explanations: E0277, E0282, E0425, E0433.\u001b[0m\n"}
{"$message_type":"diagnostic","message":"For more information about an error, try `rustc --explain E0277`.","code":null,"level":"failure-note","spans":[],"children":[],"rendered":"\u001b[1m\u001b[97mFor more information about an error, try `rustc --explain E0277`.\u001b[0m\n"}
